Determining if the pthread_create exist failed with the following output:
Change Dir: /home/kora/Downloads/ECO-efficient-video-understanding-master/caffe_3d/build/CMakeFiles/CMakeTmp

Run Build Command:"/usr/bin/make" "cmTC_47f5c/fast"
/usr/bin/make -f CMakeFiles/cmTC_47f5c.dir/build.make CMakeFiles/cmTC_47f5c.dir/build
make[1]: Entering directory '/home/kora/Downloads/ECO-efficient-video-understanding-master/caffe_3d/build/CMakeFiles/CMakeTmp'
Building C object CMakeFiles/cmTC_47f5c.dir/CheckSymbolExists.c.o
/usr/bin/cc     -o CMakeFiles/cmTC_47f5c.dir/CheckSymbolExists.c.o   -c /home/kora/Downloads/ECO-efficient-video-understanding-master/caffe_3d/build/CMakeFiles/CMakeTmp/CheckSymbolExists.c
Linking C executable cmTC_47f5c
/usr/bin/cmake -E cmake_link_script CMakeFiles/cmTC_47f5c.dir/link.txt --verbose=1
/usr/bin/cc       CMakeFiles/cmTC_47f5c.dir/CheckSymbolExists.c.o  -o cmTC_47f5c -rdynamic 
CMakeFiles/cmTC_47f5c.dir/CheckSymbolExists.c.o: In function `main':
CheckSymbolExists.c:(.text+0x16): undefined reference to `pthread_create'
collect2: error: ld returned 1 exit status
CMakeFiles/cmTC_47f5c.dir/build.make:97: recipe for target 'cmTC_47f5c' failed
make[1]: *** [cmTC_47f5c] Error 1
make[1]: Leaving directory '/home/kora/Downloads/ECO-efficient-video-understanding-master/caffe_3d/build/CMakeFiles/CMakeTmp'
Makefile:126: recipe for target 'cmTC_47f5c/fast' failed
make: *** [cmTC_47f5c/fast] Error 2

File /home/kora/Downloads/ECO-efficient-video-understanding-master/caffe_3d/build/CMakeFiles/CMakeTmp/CheckSymbolExists.c:
/* */
#include <pthread.h>

int main(int argc, char** argv)
{
  (void)argv;
#ifndef pthread_create
  return ((int*)(&pthread_create))[argc];
#else
  (void)argc;
  return 0;
#endif
}

Determining if the function pthread_create exists in the pthreads failed with the following output:
Change Dir: /home/kora/Downloads/ECO-efficient-video-understanding-master/caffe_3d/build/CMakeFiles/CMakeTmp

Run Build Command:"/usr/bin/make" "cmTC_fca06/fast"
/usr/bin/make -f CMakeFiles/cmTC_fca06.dir/build.make CMakeFiles/cmTC_fca06.dir/build
make[1]: Entering directory '/home/kora/Downloads/ECO-efficient-video-understanding-master/caffe_3d/build/CMakeFiles/CMakeTmp'
Building C object CMakeFiles/cmTC_fca06.dir/CheckFunctionExists.c.o
/usr/bin/cc    -DCHECK_FUNCTION_EXISTS=pthread_create   -o CMakeFiles/cmTC_fca06.dir/CheckFunctionExists.c.o   -c /usr/share/cmake-3.5/Modules/CheckFunctionExists.c
Linking C executable cmTC_fca06
/usr/bin/cmake -E cmake_link_script CMakeFiles/cmTC_fca06.dir/link.txt --verbose=1
/usr/bin/cc   -DCHECK_FUNCTION_EXISTS=pthread_create    CMakeFiles/cmTC_fca06.dir/CheckFunctionExists.c.o  -o cmTC_fca06 -rdynamic -lpthreads 
/usr/bin/ld: cannot find -lpthreads
collect2: error: ld returned 1 exit status
CMakeFiles/cmTC_fca06.dir/build.make:97: recipe for target 'cmTC_fca06' failed
make[1]: *** [cmTC_fca06] Error 1
make[1]: Leaving directory '/home/kora/Downloads/ECO-efficient-video-understanding-master/caffe_3d/build/CMakeFiles/CMakeTmp'
Makefile:126: recipe for target 'cmTC_fca06/fast' failed
make: *** [cmTC_fca06/fast] Error 2


